c:\users\utente\desktop\server\server\release\vc141.pdb
c:\users\utente\desktop\server\server\release\trayicon.obj
c:\users\utente\desktop\server\server\release\windowsmonitor.obj
c:\users\utente\desktop\server\server\release\server.obj
c:\users\utente\desktop\server\server\release\updatemessage.obj
c:\users\utente\desktop\server\server\release\keymessage.obj
c:\users\utente\desktop\server\server\release\iconmanager.obj
c:\users\utente\desktop\server\server\release\main.obj
c:\users\utente\desktop\server\release\server.exe
c:\users\utente\desktop\server\release\server.pdb
c:\users\utente\desktop\server\server\release\resource.res
c:\users\utente\desktop\server\release\server.lib
c:\users\utente\desktop\server\release\server.exp
c:\users\utente\desktop\server\release\server.ipdb
c:\users\utente\desktop\server\release\server.iobj
c:\users\utente\desktop\server\server\release\server.tlog\cl.command.1.tlog
c:\users\utente\desktop\server\server\release\server.tlog\cl.read.1.tlog
c:\users\utente\desktop\server\server\release\server.tlog\cl.write.1.tlog
c:\users\utente\desktop\server\server\release\server.tlog\link.command.1.tlog
c:\users\utente\desktop\server\server\release\server.tlog\link.read.1.tlog
c:\users\utente\desktop\server\server\release\server.tlog\link.write.1.tlog
c:\users\utente\desktop\server\server\release\server.tlog\rc.command.1.tlog
c:\users\utente\desktop\server\server\release\server.tlog\rc.read.1.tlog
c:\users\utente\desktop\server\server\release\server.tlog\rc.write.1.tlog
c:\users\utente\desktop\server\server\release\server.tlog\server.write.1u.tlog
