c:\users\utente\desktop\server\server\debug\vc141.pdb
c:\users\utente\desktop\server\server\debug\vc141.idb
c:\users\utente\desktop\server\server\debug\iconsave.obj
c:\users\utente\desktop\server\server\debug\keymessage.obj
c:\users\utente\desktop\server\server\debug\updatemessage.obj
c:\users\utente\desktop\server\server\debug\server.obj
c:\users\utente\desktop\server\server\debug\windowsmonitor.obj
c:\users\utente\desktop\server\server\debug\trayicon.obj
c:\users\utente\desktop\server\debug\server.ilk
c:\users\utente\desktop\server\debug\server.exe
c:\users\utente\desktop\server\debug\server.pdb
c:\users\utente\desktop\server\server\debug\resource.res
c:\users\utente\desktop\server\debug\server.lib
c:\users\utente\desktop\server\debug\server.exp
c:\users\utente\desktop\server\server\debug\server.tlog\cl.command.1.tlog
c:\users\utente\desktop\server\server\debug\server.tlog\cl.read.1.tlog
c:\users\utente\desktop\server\server\debug\server.tlog\cl.write.1.tlog
c:\users\utente\desktop\server\server\debug\server.tlog\link.command.1.tlog
c:\users\utente\desktop\server\server\debug\server.tlog\link.read.1.tlog
c:\users\utente\desktop\server\server\debug\server.tlog\link.write.1.tlog
c:\users\utente\desktop\server\server\debug\server.tlog\rc.command.1.tlog
c:\users\utente\desktop\server\server\debug\server.tlog\rc.read.1.tlog
c:\users\utente\desktop\server\server\debug\server.tlog\rc.write.1.tlog
c:\users\utente\desktop\server\server\debug\server.tlog\server.write.1u.tlog
